<?xml version="1.0" encoding="UTF-8"?>
<!-- Generated by org.testng.reporters.JUnitReportReporter -->
<testsuite hostname="MuhammedAtya" failures="0" tests="1" name="workingWithElements.TestExplicitWait" time="0.932" errors="0" timestamp="2024-04-19T02:54:28 EET" skipped="0">
  <testcase classname="workingWithElements.TestExplicitWait" name="TestWindowByTitle" time="0.932"/>
</testsuite> <!-- workingWithElements.TestExplicitWait -->
