<?xml version="1.0" encoding="UTF-8"?>
<!-- Generated by org.testng.reporters.JUnitReportReporter -->
<testsuite hostname="MuhammedAtya" failures="0" tests="1" name="findingElemints.FindElemintByID" time="0.102" errors="0" timestamp="2024-04-13T12:08:28 EET" skipped="0">
  <testcase classname="findingElemints.FindElemintByID" name="FinfElementById" time="0.102"/>
</testsuite> <!-- findingElemints.FindElemintByID -->
