<?xml version="1.0" encoding="UTF-8"?>
<!-- Generated by org.testng.reporters.JUnitReportReporter -->
<testsuite hostname="MuhammedAtya" failures="0" tests="1" name="findingElemints.FindElementByName" time="0.033" errors="0" timestamp="2024-04-13T13:12:27 EET" skipped="0">
  <testcase classname="findingElemints.FindElementByName" name="FinfElementById" time="0.033"/>
</testsuite> <!-- findingElemints.FindElementByName -->
