<?xml version="1.0" encoding="UTF-8"?>
<!-- Generated by org.testng.reporters.JUnitReportReporter -->
<testsuite hostname="MuhammedAtya" failures="0" tests="1" name="workingWithElements.TestJavaScriptCalls" time="0.029" errors="0" timestamp="2024-04-19T18:16:15 EET" skipped="0">
  <testcase classname="workingWithElements.TestJavaScriptCalls" name="TestJavaScript" time="0.029"/>
</testsuite> <!-- workingWithElements.TestJavaScriptCalls -->
