<?xml version="1.0" encoding="UTF-8"?>
<!-- Generated by org.testng.reporters.JUnitReportReporter -->
<testsuite hostname="MuhammedAtya" failures="0" tests="1" name="workingWithElements.DoubleClickWithActions" time="0.283" errors="0" timestamp="2024-04-15T02:27:40 EET" skipped="0">
  <testcase classname="workingWithElements.DoubleClickWithActions" name="DoubleClick" time="0.283"/>
</testsuite> <!-- workingWithElements.DoubleClickWithActions -->
