<?xml version="1.0" encoding="UTF-8"?>
<!-- Generated by org.testng.reporters.JUnitReportReporter -->
<testsuite hostname="MuhammedAtya" failures="0" tests="1" name="findingElemints.FinfElementByTagName" time="2.405" errors="0" timestamp="2024-04-13T14:11:16 EET" skipped="0">
  <testcase classname="findingElemints.FinfElementByTagName" name="FinfElementByTagName" time="2.405"/>
</testsuite> <!-- findingElemints.FinfElementByTagName -->
