<?xml version="1.0" encoding="UTF-8"?>
<!-- Generated by org.testng.reporters.JUnitReportReporter -->
<testsuite hostname="dev-new2" failures="0" tests="2" name="workingWithElements.TestMultipleWindows" time="2.288" errors="0" timestamp="2024-04-15T15:31:07 EET" skipped="0">
  <testcase classname="workingWithElements.TestMultipleWindows" name="TestWindowByTitle" time="0.884"/>
  <testcase classname="workingWithElements.TestMultipleWindows" name="TestWindowByName" time="1.404"/>
</testsuite> <!-- workingWithElements.TestMultipleWindows -->
