<?xml version="1.0" encoding="UTF-8"?>
<!-- Generated by org.testng.reporters.JUnitReportReporter -->
<testsuite hostname="MuhammedAtya" failures="0" tests="1" name="findingElemints.FindElementTableByTagName" time="0.115" errors="0" timestamp="2024-04-13T14:31:17 EET" skipped="0">
  <testcase classname="findingElemints.FindElementTableByTagName" name="FinfElementTableByTagName" time="0.115"/>
</testsuite> <!-- findingElemints.FindElementTableByTagName -->
