<?xml version="1.0" encoding="UTF-8"?>
<!-- Generated by org.testng.reporters.JUnitReportReporter -->
<testsuite hostname="MuhammedAtya" failures="0" tests="1" name="findingElemints.FindElementByClass" time="0.062" errors="0" timestamp="2024-04-13T13:22:09 EET" skipped="0">
  <testcase classname="findingElemints.FindElementByClass" name="FinfElementByClass" time="0.062"/>
</testsuite> <!-- findingElemints.FindElementByClass -->
