<?xml version="1.0" encoding="UTF-8"?>
<!-- Generated by org.testng.reporters.JUnitReportReporter -->
<testsuite hostname="MuhammedAtya" failures="0" tests="1" name="workingWithElements.WorkingWithDropDownList" time="0.412" errors="0" timestamp="2024-04-14T15:38:01 EET" skipped="0">
  <testcase classname="workingWithElements.WorkingWithDropDownList" name="FinfElementByClass" time="0.412"/>
</testsuite> <!-- workingWithElements.WorkingWithDropDownList -->
