<?xml version="1.0" encoding="UTF-8"?>
<!-- Generated by org.testng.reporters.JUnitReportReporter -->
<testsuite hostname="MuhammedAtya" failures="0" tests="1" name="workingWithElements.WorkingWithCheckBoxes" time="3.522" errors="0" timestamp="2024-04-14T18:07:34 EET" skipped="0">
  <testcase classname="workingWithElements.WorkingWithCheckBoxes" name="FinfElementByClass" time="3.522"/>
</testsuite> <!-- workingWithElements.WorkingWithCheckBoxes -->
