<?xml version="1.0" encoding="UTF-8"?>
<!-- Generated by org.testng.reporters.JUnitReportReporter -->
<testsuite hostname="MuhammedAtya" failures="0" tests="1" name="workingWithElements.WorkingWithCheckBoxes2" time="0.291" errors="0" timestamp="2024-04-15T01:58:17 EET" skipped="0">
  <testcase classname="workingWithElements.WorkingWithCheckBoxes2" name="IsElementPresent" time="0.291"/>
</testsuite> <!-- workingWithElements.WorkingWithCheckBoxes2 -->
