<?xml version="1.0" encoding="UTF-8"?>
<!-- Generated by org.testng.reporters.JUnitReportReporter -->
<testsuite hostname="MuhammedAtya" failures="0" tests="2" name="workingWithElements.WorkingWithConfirmAlert" time="0.309" errors="0" timestamp="2024-04-15T03:58:07 EET" skipped="0">
  <testcase classname="workingWithElements.WorkingWithConfirmAlert" name="AcceptAlert" time="0.220"/>
  <testcase classname="workingWithElements.WorkingWithConfirmAlert" name="DismissAlert" time="0.089"/>
</testsuite> <!-- workingWithElements.WorkingWithConfirmAlert -->
