<?xml version="1.0" encoding="UTF-8"?>
<!-- Generated by org.testng.reporters.JUnitReportReporter -->
<testsuite hostname="MuhammedAtya" failures="0" tests="1" name="workingWithElements.TestFluentWait" time="2.166" errors="0" timestamp="2024-04-19T03:58:10 EET" skipped="0">
  <testcase classname="workingWithElements.TestFluentWait" name="TestWindowByTitle" time="2.166"/>
</testsuite> <!-- workingWithElements.TestFluentWait -->
