<?xml version="1.0" encoding="UTF-8"?>
<!-- Generated by org.testng.reporters.JUnitReportReporter -->
<testsuite hostname="dev-new2" failures="0" tests="1" name="workingWithElements.TestCookies" time="2.390" errors="0" timestamp="2024-04-15T17:04:30 EET" skipped="0">
  <testcase classname="workingWithElements.TestCookies" name="TestWindowByTitle" time="2.390"/>
</testsuite> <!-- workingWithElements.TestCookies -->
