<?xml version="1.0" encoding="UTF-8"?>
<!-- Generated by org.testng.reporters.JUnitReportReporter -->
<testsuite hostname="MuhammedAtya" failures="0" tests="1" name="workingWithElements.WorkingWithJavaScriptAlert" time="0.182" errors="0" timestamp="2024-04-15T03:03:11 EET" skipped="0">
  <testcase classname="workingWithElements.WorkingWithJavaScriptAlert" name="AcceptAlert" time="0.182"/>
</testsuite> <!-- workingWithElements.WorkingWithJavaScriptAlert -->
