<?xml version="1.0" encoding="UTF-8"?>
<!-- Generated by org.testng.reporters.JUnitReportReporter -->
<testsuite hostname="MuhammedAtya" failures="0" tests="1" name="workingWithElements.TestFrame" time="0.168" errors="0" timestamp="2024-04-19T17:20:33 EET" skipped="0">
  <testcase classname="workingWithElements.TestFrame" name="TestFrameWithIdAndName" time="0.168"/>
</testsuite> <!-- workingWithElements.TestFrame -->
