<?xml version="1.0" encoding="UTF-8"?>
<!-- Generated by org.testng.reporters.JUnitReportReporter -->
<testsuite hostname="MuhammedAtya" failures="0" tests="1" name="findingElemints.FindByXpath" time="0.033" errors="0" timestamp="2024-04-14T03:55:32 EET" skipped="0">
  <testcase classname="findingElemints.FindByXpath" name="FindElements" time="0.033"/>
</testsuite> <!-- findingElemints.FindByXpath -->
