<?xml version="1.0" encoding="UTF-8"?>
<!-- Generated by org.testng.reporters.JUnitReportReporter -->
<testsuite hostname="MuhammedAtya" failures="0" tests="1" name="workingWithElements.WorkingWithPromptAlert" time="0.210" errors="0" timestamp="2024-04-15T03:38:46 EET" skipped="0">
  <testcase classname="workingWithElements.WorkingWithPromptAlert" name="AcceptAlert" time="0.210"/>
</testsuite> <!-- workingWithElements.WorkingWithPromptAlert -->
