<?xml version="1.0" encoding="UTF-8"?>
<!-- Generated by org.testng.reporters.JUnitReportReporter -->
<testsuite hostname="MuhammedAtya" failures="0" tests="1" name="findingElemints.FindByCSSSelector" time="0.862" errors="0" timestamp="2024-04-13T15:06:50 EET" skipped="0">
  <testcase classname="findingElemints.FindByCSSSelector" name="FindByCSSSelector" time="0.862"/>
</testsuite> <!-- findingElemints.FindByCSSSelector -->
