<?xml version="1.0" encoding="UTF-8"?>
<!-- Generated by org.testng.reporters.JUnitReportReporter -->
<testsuite hostname="MuhammedAtya" failures="0" tests="1" name="workingWithElements.WorkingWithSubmitMethod" time="6.362" errors="0" timestamp="2024-04-14T16:35:54 EET" skipped="0">
  <testcase classname="workingWithElements.WorkingWithSubmitMethod" name="Search" time="6.362"/>
</testsuite> <!-- workingWithElements.WorkingWithSubmitMethod -->
