<?xml version="1.0" encoding="UTF-8"?>
<!-- Generated by org.testng.reporters.JUnitReportReporter -->
<testsuite hostname="MuhammedAtya" failures="0" tests="1" name="workingWithElements.TestImplicityWait" time="1.080" errors="0" timestamp="2024-04-19T02:14:26 EET" skipped="0">
  <testcase classname="workingWithElements.TestImplicityWait" name="TestWindowByTitle" time="1.080"/>
</testsuite> <!-- workingWithElements.TestImplicityWait -->
