<?xml version="1.0" encoding="UTF-8"?>
<!-- Generated by org.testng.reporters.JUnitReportReporter -->
<testsuite hostname="MuhammedAtya" failures="0" tests="1" name="workingWithElements.WorkingWithTextBoxAndButtons" time="0.620" errors="0" timestamp="2024-04-14T14:18:59 EET" skipped="0">
  <testcase classname="workingWithElements.WorkingWithTextBoxAndButtons" name="FinfElementByClass" time="0.620"/>
</testsuite> <!-- workingWithElements.WorkingWithTextBoxAndButtons -->
