<?xml version="1.0" encoding="UTF-8"?>
<!-- Generated by org.testng.reporters.JUnitReportReporter -->
<testsuite hostname="MuhammedAtya" failures="0" tests="1" name="workingWithElements.TestContextMenu" time="3.452" errors="0" timestamp="2024-04-19T20:05:07 EET" skipped="0">
  <testcase classname="workingWithElements.TestContextMenu" name="TestWindowByTitle" time="3.452"/>
</testsuite> <!-- workingWithElements.TestContextMenu -->
