<?xml version="1.0" encoding="UTF-8"?>
<!-- Generated by org.testng.reporters.JUnitReportReporter -->
<testsuite hostname="MuhammedAtya" failures="0" tests="1" name="workingWithElements.WorkingWithTables" time="3.583" errors="0" timestamp="2024-04-14T17:13:32 EET" skipped="0">
  <testcase classname="workingWithElements.WorkingWithTables" name="FinfElementByClass" time="3.583"/>
</testsuite> <!-- workingWithElements.WorkingWithTables -->
