<?xml version="1.0" encoding="UTF-8"?>
<!-- Generated by org.testng.reporters.JUnitReportReporter -->
<testsuite hostname="MuhammedAtya" failures="0" tests="1" name="findingElemints.TestBrowserCommands" time="6.876" errors="0" timestamp="2024-04-14T13:27:42 EET" skipped="0">
  <testcase classname="findingElemints.TestBrowserCommands" name="FindElements" time="6.876"/>
</testsuite> <!-- findingElemints.TestBrowserCommands -->
