<?xml version="1.0" encoding="UTF-8"?>
<!-- Generated by org.testng.reporters.JUnitReportReporter -->
<testsuite hostname="MuhammedAtya" failures="0" tests="1" name="workingWithElements.DragAndDropActions" time="3.345" errors="0" timestamp="2024-04-15T02:41:39 EET" skipped="0">
  <testcase classname="workingWithElements.DragAndDropActions" name="DoubleClick" time="3.345"/>
</testsuite> <!-- workingWithElements.DragAndDropActions -->
