<?xml version="1.0" encoding="UTF-8"?>
<!-- Generated by org.testng.reporters.JUnitReportReporter -->
<testsuite hostname="MuhammedAtya" failures="0" tests="1" name="findingElemints.FindLinksByLinkText" time="0.181" errors="0" timestamp="2024-04-13T17:13:20 EET" skipped="0">
  <testcase classname="findingElemints.FindLinksByLinkText" name="FindElements" time="0.181"/>
</testsuite> <!-- findingElemints.FindLinksByLinkText -->
