<?xml version="1.0" encoding="UTF-8"?>
<!-- Generated by org.testng.reporters.JUnitReportReporter -->
<testsuite hostname="MuhammedAtya" failures="0" tests="1" name="workingWithElements.TestCookies" time="128.736" errors="0" timestamp="2024-04-19T00:29:11 EET" skipped="0">
  <testcase classname="workingWithElements.TestCookies" name="TestWindowByTitle" time="128.736"/>
</testsuite> <!-- workingWithElements.TestCookies -->
