<?xml version="1.0" encoding="UTF-8"?>
<!-- Generated by org.testng.reporters.JUnitReportReporter -->
<testsuite hostname="MuhammedAtya" failures="0" tests="1" name="findingElemints.FindByElements" time="0.423" errors="0" timestamp="2024-04-13T16:00:35 EET" skipped="0">
  <testcase classname="findingElemints.FindByElements" name="FindElements" time="0.423"/>
</testsuite> <!-- findingElemints.FindByElements -->
